[debug] [2026-01-07T03:49:06.712Z] ----------------------------------------------------------------------
[debug] [2026-01-07T03:49:06.719Z] Command:       /Users/phakphummac/.nvm/versions/node/v20.9.0/bin/node /Users/phakphummac/.nvm/versions/node/v20.9.0/bin/firebase init
[debug] [2026-01-07T03:49:06.719Z] CLI Version:   15.1.0
[debug] [2026-01-07T03:49:06.719Z] Platform:      darwin
[debug] [2026-01-07T03:49:06.719Z] Node Version:  v20.9.0
[debug] [2026-01-07T03:49:06.719Z] Time:          Wed Jan 07 2026 10:49:06 GMT+0700 (GMT+07:00)
[debug] [2026-01-07T03:49:06.719Z] ----------------------------------------------------------------------
[debug] 
[debug] [2026-01-07T03:49:06.720Z] >>> [apiv2][query] GET https://firebase-public.firebaseio.com/cli.json [none]
[info] 
     ######## #### ########  ######## ########     ###     ######  ########
     ##        ##  ##     ## ##       ##     ##  ##   ##  ##       ##
     ######    ##  ########  ######   ########  #########  ######  ######
     ##        ##  ##    ##  ##       ##     ## ##     ##       ## ##
     ##       #### ##     ## ######## ########  ##     ##  ######  ########

You're about to initialize a Firebase project in this directory:

  /Users/phakphummac/Desktop/Project/Nextjs/my-resume

[debug] [2026-01-07T03:49:07.866Z] <<< [apiv2][status] GET https://firebase-public.firebaseio.com/cli.json 200
[debug] [2026-01-07T03:49:07.867Z] <<< [apiv2][body] GET https://firebase-public.firebaseio.com/cli.json {"cloudBuildErrorAfter":1594252800000,"cloudBuildWarnAfter":1590019200000,"defaultNode10After":1594252800000,"minVersion":"3.0.5","node8DeploysDisabledAfter":1613390400000,"node8RuntimeDisabledAfter":1615809600000,"node8WarnAfter":1600128000000}
[info] 
=== Project Setup
[info] 
[info] First, let's associate this project directory with a Firebase project.
[info] You can create multiple project aliases by running firebase use --add, 
[info] 
[debug] [2026-01-07T03:49:59.362Z] > command requires scopes: ["email","openid","https://www.googleapis.com/auth/cloudplatformprojects.readonly","https://www.googleapis.com/auth/firebase","https://www.googleapis.com/auth/cloud-platform"]
[debug] [2026-01-07T03:49:59.363Z] > authorizing via signed-in user (phakphumphinyodom@gmail.com)
[debug] [2026-01-07T03:49:59.365Z] Checked if tokens are valid: false, expires at: 1642959255570
[debug] [2026-01-07T03:49:59.366Z] Checked if tokens are valid: false, expires at: 1642959255570
[debug] [2026-01-07T03:49:59.366Z] > refreshing access token with scopes: []
[debug] [2026-01-07T03:49:59.367Z] >>> [apiv2][query] POST https://www.googleapis.com/oauth2/v3/token [none]
[debug] [2026-01-07T03:49:59.367Z] >>> [apiv2][body] POST https://www.googleapis.com/oauth2/v3/token [omitted]
[debug] [2026-01-07T03:49:59.587Z] <<< [apiv2][status] POST https://www.googleapis.com/oauth2/v3/token 400
[debug] [2026-01-07T03:49:59.588Z] <<< [apiv2][body] POST https://www.googleapis.com/oauth2/v3/token [omitted]
[debug] [2026-01-07T03:49:59.589Z] >>> [apiv2][query] GET https://firebase.googleapis.com/v1beta1/projects pageSize=100
[debug] [2026-01-07T03:50:00.794Z] <<< [apiv2][status] GET https://firebase.googleapis.com/v1beta1/projects 401
[debug] [2026-01-07T03:50:00.794Z] <<< [apiv2][body] GET https://firebase.googleapis.com/v1beta1/projects [omitted]
[debug] [2026-01-07T03:50:00.795Z] Got a 401 Unauthenticated error for a call that required authentication. Refreshing tokens.
[debug] [2026-01-07T03:50:00.795Z] Checked if tokens are valid: false, expires at: 1642959255570
[debug] [2026-01-07T03:50:00.795Z] Checked if tokens are valid: false, expires at: 1642959255570
[debug] [2026-01-07T03:50:00.795Z] > refreshing access token with scopes: []
[debug] [2026-01-07T03:50:00.795Z] >>> [apiv2][query] POST https://www.googleapis.com/oauth2/v3/token [none]
[debug] [2026-01-07T03:50:00.795Z] >>> [apiv2][body] POST https://www.googleapis.com/oauth2/v3/token [omitted]
[debug] [2026-01-07T03:50:00.880Z] <<< [apiv2][status] POST https://www.googleapis.com/oauth2/v3/token 400
[debug] [2026-01-07T03:50:00.880Z] <<< [apiv2][body] POST https://www.googleapis.com/oauth2/v3/token [omitted]
[debug] [2026-01-07T03:50:00.881Z] Request to https://firebase.googleapis.com/v1beta1/projects?pageSize=100 had HTTP Error: 401, Request had invalid authentication credentials. Expected OAuth 2 access token, login cookie or other valid authentication credential. See https://developers.google.com/identity/sign-in/web/devconsole-project.
[debug] [2026-01-07T03:50:01.066Z] FirebaseError: Request to https://firebase.googleapis.com/v1beta1/projects?pageSize=100 had HTTP Error: 401, Request had invalid authentication credentials. Expected OAuth 2 access token, login cookie or other valid authentication credential. See https://developers.google.com/identity/sign-in/web/devconsole-project.
    at responseToError (/Users/phakphummac/.nvm/versions/node/v20.9.0/lib/node_modules/firebase-tools/lib/responseToError.js:53:12)
    at RetryOperation._fn (/Users/phakphummac/.nvm/versions/node/v20.9.0/lib/node_modules/firebase-tools/lib/apiv2.js:322:77)
    at process.processTicksAndRejections (node:internal/process/task_queues:95:5)
[error] 
[error] Error: Failed to list Firebase projects. See firebase-debug.log for more info.
[debug] [2026-01-07T03:53:12.469Z] ----------------------------------------------------------------------
[debug] [2026-01-07T03:53:12.476Z] Command:       /Users/phakphummac/.nvm/versions/node/v20.9.0/bin/node /Users/phakphummac/.nvm/versions/node/v20.9.0/bin/firebase init
[debug] [2026-01-07T03:53:12.476Z] CLI Version:   15.1.0
[debug] [2026-01-07T03:53:12.476Z] Platform:      darwin
[debug] [2026-01-07T03:53:12.476Z] Node Version:  v20.9.0
[debug] [2026-01-07T03:53:12.476Z] Time:          Wed Jan 07 2026 10:53:12 GMT+0700 (GMT+07:00)
[debug] [2026-01-07T03:53:12.476Z] ----------------------------------------------------------------------
[debug] 
[info] 
     ######## #### ########  ######## ########     ###     ######  ########
     ##        ##  ##     ## ##       ##     ##  ##   ##  ##       ##
     ######    ##  ########  ######   ########  #########  ######  ######
     ##        ##  ##    ##  ##       ##     ## ##     ##       ## ##
     ##       #### ##     ## ######## ########  ##     ##  ######  ########

You're about to initialize a Firebase project in this directory:

  /Users/phakphummac/Desktop/Project/Nextjs/my-resume

[info] 
=== Project Setup
[info] 
[info] First, let's associate this project directory with a Firebase project.
[info] You can create multiple project aliases by running firebase use --add, 
[info] 
[debug] [2026-01-07T03:53:42.839Z] > command requires scopes: ["email","openid","https://www.googleapis.com/auth/cloudplatformprojects.readonly","https://www.googleapis.com/auth/firebase","https://www.googleapis.com/auth/cloud-platform"]
[debug] [2026-01-07T03:53:42.839Z] > authorizing via signed-in user (phakphumphinyodom@gmail.com)
[debug] [2026-01-07T03:53:42.840Z] Checked if tokens are valid: false, expires at: 1642959255570
[debug] [2026-01-07T03:53:42.840Z] Checked if tokens are valid: false, expires at: 1642959255570
[debug] [2026-01-07T03:53:42.840Z] > refreshing access token with scopes: []
[debug] [2026-01-07T03:53:42.842Z] >>> [apiv2][query] POST https://www.googleapis.com/oauth2/v3/token [none]
[debug] [2026-01-07T03:53:42.842Z] >>> [apiv2][body] POST https://www.googleapis.com/oauth2/v3/token [omitted]
[debug] [2026-01-07T03:53:43.097Z] <<< [apiv2][status] POST https://www.googleapis.com/oauth2/v3/token 400
[debug] [2026-01-07T03:53:43.097Z] <<< [apiv2][body] POST https://www.googleapis.com/oauth2/v3/token [omitted]
[debug] [2026-01-07T03:53:43.098Z] >>> [apiv2][query] GET https://firebase.googleapis.com/v1beta1/projects pageSize=100
[debug] [2026-01-07T03:53:44.319Z] <<< [apiv2][status] GET https://firebase.googleapis.com/v1beta1/projects 401
[debug] [2026-01-07T03:53:44.320Z] <<< [apiv2][body] GET https://firebase.googleapis.com/v1beta1/projects [omitted]
[debug] [2026-01-07T03:53:44.320Z] Got a 401 Unauthenticated error for a call that required authentication. Refreshing tokens.
[debug] [2026-01-07T03:53:44.320Z] Checked if tokens are valid: false, expires at: 1642959255570
[debug] [2026-01-07T03:53:44.320Z] Checked if tokens are valid: false, expires at: 1642959255570
[debug] [2026-01-07T03:53:44.320Z] > refreshing access token with scopes: []
[debug] [2026-01-07T03:53:44.321Z] >>> [apiv2][query] POST https://www.googleapis.com/oauth2/v3/token [none]
[debug] [2026-01-07T03:53:44.321Z] >>> [apiv2][body] POST https://www.googleapis.com/oauth2/v3/token [omitted]
[debug] [2026-01-07T03:53:44.410Z] <<< [apiv2][status] POST https://www.googleapis.com/oauth2/v3/token 400
[debug] [2026-01-07T03:53:44.410Z] <<< [apiv2][body] POST https://www.googleapis.com/oauth2/v3/token [omitted]
[debug] [2026-01-07T03:53:44.419Z] Request to https://firebase.googleapis.com/v1beta1/projects?pageSize=100 had HTTP Error: 401, Request had invalid authentication credentials. Expected OAuth 2 access token, login cookie or other valid authentication credential. See https://developers.google.com/identity/sign-in/web/devconsole-project.
[debug] [2026-01-07T03:53:44.614Z] FirebaseError: Request to https://firebase.googleapis.com/v1beta1/projects?pageSize=100 had HTTP Error: 401, Request had invalid authentication credentials. Expected OAuth 2 access token, login cookie or other valid authentication credential. See https://developers.google.com/identity/sign-in/web/devconsole-project.
    at responseToError (/Users/phakphummac/.nvm/versions/node/v20.9.0/lib/node_modules/firebase-tools/lib/responseToError.js:53:12)
    at RetryOperation._fn (/Users/phakphummac/.nvm/versions/node/v20.9.0/lib/node_modules/firebase-tools/lib/apiv2.js:322:77)
    at process.processTicksAndRejections (node:internal/process/task_queues:95:5)
[error] 
[error] Error: Failed to list Firebase projects. See firebase-debug.log for more info.
